2019-03-21 01:19:26,746 - __main__ - INFO - Using seed 4208058162
2019-03-21 01:19:26,746 - __main__ - INFO - Loading data
2019-03-21 01:19:26,747 - __main__ - INFO - ----------
2019-03-21 01:19:26,766 - data.loader - INFO - Processing PendDigitData Path: data/pendigits.csv, Dimensions: (10992, 17)
2019-03-21 01:19:26,786 - data.loader - INFO - Data Sample:
       0    1   2    3    4    5    6    7   ...  9    10  11   12  13   14  15  16
0      47  100  27   81   57   37   26    0  ...  23   56  53  100  90   40  98   8
1       0   89  27  100   42   75   29   45  ...  15   37   0   69   2  100   6   2
2       0   57  31   68   72   90  100  100  ...  75   50  51   28  25   16   0   1
3       0  100   7   92    5   68   19   45  ...  34  100  45   74  23   67   0   4
4       0   67  49   83  100  100   81   80  ...  60   40  40   33  20   47   0   1
...    ..  ...  ..  ...  ...  ...  ...  ...  ...  ..  ...  ..  ...  ..  ...  ..  ..
10987  36  100  24   70    0   38   49   33  ...  47   87  55   96  21  100   0   4
10988  16   75  41  100   52   64   32   27  ...   0   21   9   62   2  100  14   2
10989  56  100  27   79    0   39   12    0  ...  15  100  51   93  93   38  93   0
10990  19  100   0   61    3   23   48    0  ...  27  100  66   62  97   10  81   0
10991  38  100  37   81   12   55    0   28  ...  27  100  42   86  26   65   0   4

[10992 rows x 17 columns]
2019-03-21 01:19:26,786 - data.loader - INFO - Will pre-process data
2019-03-21 01:19:26,786 - data.loader - INFO - Pulling features
2019-03-21 01:19:26,788 - data.loader - INFO - Pulling classes
2019-03-21 01:19:26,788 - data.loader - INFO - Feature dimensions: (10992, 16)
2019-03-21 01:19:26,788 - data.loader - INFO - Classes dimensions: (10992,)
2019-03-21 01:19:26,788 - data.loader - INFO - Class values: [0 1 2 3 4 5 6 7 8 9]
2019-03-21 01:19:26,789 - data.loader - INFO - Class distribution: [1143 1143 1144 1055 1144 1055 1056 1142 1055 1055]
2019-03-21 01:19:26,789 - data.loader - INFO - Class distribution (%): [10.39847162 10.39847162 10.40756914  9.59788937 10.40756914  9.59788937
  9.6069869  10.38937409  9.59788937  9.59788937]
2019-03-21 01:19:26,790 - data.loader - INFO - Sparse? False
2019-03-21 01:19:26,793 - data.loader - INFO - Binary? False
2019-03-21 01:19:26,793 - data.loader - INFO - Balanced? True
2019-03-21 01:19:26,807 - __main__ - INFO - ----------
2019-03-21 01:19:26,807 - __main__ - INFO - Running experiments
2019-03-21 01:19:26,808 - __main__ - INFO - Timings: {}
