2019-03-21 01:19:25,543 - __main__ - INFO - Using seed 1509394533
2019-03-21 01:19:25,544 - __main__ - INFO - Loading data
2019-03-21 01:19:25,544 - __main__ - INFO - ----------
2019-03-21 01:19:25,579 - data.loader - INFO - Processing SpamData Path: data/spambase.data, Dimensions: (4601, 58)
2019-03-21 01:19:25,651 - data.loader - INFO - Data Sample:
        0     1     2    3     4     5   ...     52     53     54   55    56  57
0     0.00  0.64  0.64  0.0  0.32  0.00  ...  0.000  0.000  3.756   61   278   1
1     0.21  0.28  0.50  0.0  0.14  0.28  ...  0.180  0.048  5.114  101  1028   1
2     0.06  0.00  0.71  0.0  1.23  0.19  ...  0.184  0.010  9.821  485  2259   1
3     0.00  0.00  0.00  0.0  0.63  0.00  ...  0.000  0.000  3.537   40   191   1
4     0.00  0.00  0.00  0.0  0.63  0.00  ...  0.000  0.000  3.537   40   191   1
...    ...   ...   ...  ...   ...   ...  ...    ...    ...    ...  ...   ...  ..
4596  0.31  0.00  0.62  0.0  0.00  0.31  ...  0.000  0.000  1.142    3    88   0
4597  0.00  0.00  0.00  0.0  0.00  0.00  ...  0.000  0.000  1.555    4    14   0
4598  0.30  0.00  0.30  0.0  0.00  0.00  ...  0.000  0.000  1.404    6   118   0
4599  0.96  0.00  0.00  0.0  0.32  0.00  ...  0.000  0.000  1.147    5    78   0
4600  0.00  0.00  0.65  0.0  0.00  0.00  ...  0.000  0.000  1.250    5    40   0

[4601 rows x 58 columns]
2019-03-21 01:19:25,651 - data.loader - INFO - Will pre-process data
2019-03-21 01:19:25,651 - data.loader - INFO - Pulling features
2019-03-21 01:19:25,653 - data.loader - INFO - Pulling classes
2019-03-21 01:19:25,653 - data.loader - INFO - Feature dimensions: (4601, 57)
2019-03-21 01:19:25,653 - data.loader - INFO - Classes dimensions: (4601,)
2019-03-21 01:19:25,654 - data.loader - INFO - Class values: [0 1]
2019-03-21 01:19:25,654 - data.loader - INFO - Class distribution: [2788 1813]
2019-03-21 01:19:25,654 - data.loader - INFO - Class distribution (%): [60.59552271 39.40447729]
2019-03-21 01:19:25,654 - data.loader - INFO - Sparse? False
2019-03-21 01:19:25,655 - data.loader - INFO - Binary? True
2019-03-21 01:19:25,655 - data.loader - INFO - Balanced? True
2019-03-21 01:19:25,669 - __main__ - INFO - ----------
2019-03-21 01:19:25,669 - __main__ - INFO - Running experiments
2019-03-21 01:19:25,669 - __main__ - INFO - Timings: {}
